<?xml version="1.0" encoding="UTF-8"?>
<!-- Generated by org.testng.reporters.JUnitXMLReporter -->
<testsuite ignored="0" hostname="AVE-LAP-301" failures="0" tests="9" name="Default test" time="74.736" errors="0" timestamp="2021-01-05T00:38:04 EET">
  <testcase classname="fatura_test.TestClass" name="invalidPhoneNumberLogin" time="5.105"/>
  <testcase classname="fatura_test.TestClass" name="invalidPhoneNumberLogin" time="4.334"/>
  <testcase classname="fatura_test.TestClass" name="invalidPhoneNumberLogin" time="4.381"/>
  <testcase classname="fatura_test.TestClass" name="invalidPhoneNumberLogin" time="4.668"/>
  <testcase classname="fatura_test.TestClass" name="invalidPasswordLogin" time="4.401"/>
  <testcase classname="fatura_test.TestClass" name="invalidPasswordLogin" time="3.793"/>
  <testcase classname="fatura_test.TestClass" name="validLogin" time="7.631"/>
  <testcase classname="fatura_test.TestClass" name="submittingOrder" time="15.534"/>
  <testcase classname="fatura_test.TestClass" name="validLogout" time="9.328"/>
</testsuite> <!-- Default test -->
