<?xml version="1.0" encoding="UTF-8"?>
<testng-results ignored="0" total="9" passed="9" failed="0" skipped="0">
  <reporter-output>
  </reporter-output>
  <suite started-at="2021-01-05T00:36:49 EET" name="Default suite" finished-at="2021-01-05T00:38:04 EET" duration-ms="74736">
    <groups>
    </groups>
    <test started-at="2021-01-05T00:36:49 EET" name="Default test" finished-at="2021-01-05T00:38:04 EET" duration-ms="74736">
      <class name="fatura_test.TestClass">
        <test-method is-config="true" signature="setUp()[pri:0, instance:fatura_test.TestClass@78b66d36]" started-at="2021-01-05T00:36:49 EET" name="setUp" finished-at="2021-01-05T00:37:04 EET" duration-ms="14782" status="PASS">
          <reporter-output>
          </reporter-output>
        </test-method> <!-- setUp -->
        <test-method is-config="true" signature="beforeEachTest(java.lang.reflect.Method)[pri:0, instance:fatura_test.TestClass@78b66d36]" started-at="2021-01-05T00:37:04 EET" name="beforeEachTest" finished-at="2021-01-05T00:37:04 EET" duration-ms="2" status="PASS">
          <params>
            <param index="0">
              <value>
                <![CDATA[public void fatura_test.TestClass.invalidPhoneNumberLogin(java.lang.String,java.lang.String)]]>
              </value>
            </param>
          </params>
          <reporter-output>
          </reporter-output>
        </test-method> <!-- beforeEachTest -->
        <test-method signature="invalidPhoneNumberLogin(java.lang.String, java.lang.String)[pri:1, instance:fatura_test.TestClass@78b66d36]" started-at="2021-01-05T00:37:04 EET" name="invalidPhoneNumberLogin" data-provider="invalid-phone-number-dp" finished-at="2021-01-05T00:37:09 EET" duration-ms="5105" status="PASS">
          <params>
            <param index="0">
              <value>
                <![CDATA[]]>
              </value>
            </param>
            <param index="1">
              <value>
                <![CDATA[]]>
              </value>
            </param>
          </params>
          <reporter-output>
          </reporter-output>
        </test-method> <!-- invalidPhoneNumberLogin -->
        <test-method is-config="true" signature="afterEachTest(org.testng.ITestResult)[pri:0, instance:fatura_test.TestClass@78b66d36]" started-at="2021-01-05T00:37:09 EET" name="afterEachTest" finished-at="2021-01-05T00:37:09 EET" duration-ms="0" status="PASS">
          <params>
            <param index="0">
              <value>
                <![CDATA[[TestResult name=invalidPhoneNumberLogin status=SUCCESS method=TestClass.invalidPhoneNumberLogin(java.lang.String, java.lang.String)[pri:1, instance:fatura_test.TestClass@78b66d36] output={null}]]]>
              </value>
            </param>
          </params>
          <reporter-output>
          </reporter-output>
        </test-method> <!-- afterEachTest -->
        <test-method is-config="true" signature="beforeEachTest(java.lang.reflect.Method)[pri:0, instance:fatura_test.TestClass@78b66d36]" started-at="2021-01-05T00:37:09 EET" name="beforeEachTest" finished-at="2021-01-05T00:37:09 EET" duration-ms="0" status="PASS">
          <params>
            <param index="0">
              <value>
                <![CDATA[public void fatura_test.TestClass.invalidPhoneNumberLogin(java.lang.String,java.lang.String)]]>
              </value>
            </param>
          </params>
          <reporter-output>
          </reporter-output>
        </test-method> <!-- beforeEachTest -->
        <test-method signature="invalidPhoneNumberLogin(java.lang.String, java.lang.String)[pri:1, instance:fatura_test.TestClass@78b66d36]" started-at="2021-01-05T00:37:09 EET" name="invalidPhoneNumberLogin" data-provider="invalid-phone-number-dp" finished-at="2021-01-05T00:37:13 EET" duration-ms="4334" status="PASS">
          <params>
            <param index="0">
              <value>
                <![CDATA[]]>
              </value>
            </param>
            <param index="1">
              <value>
                <![CDATA[123321]]>
              </value>
            </param>
          </params>
          <reporter-output>
          </reporter-output>
        </test-method> <!-- invalidPhoneNumberLogin -->
        <test-method is-config="true" signature="afterEachTest(org.testng.ITestResult)[pri:0, instance:fatura_test.TestClass@78b66d36]" started-at="2021-01-05T00:37:13 EET" name="afterEachTest" finished-at="2021-01-05T00:37:13 EET" duration-ms="1" status="PASS">
          <params>
            <param index="0">
              <value>
                <![CDATA[[TestResult name=invalidPhoneNumberLogin status=SUCCESS method=TestClass.invalidPhoneNumberLogin(java.lang.String, java.lang.String)[pri:1, instance:fatura_test.TestClass@78b66d36] output={null}]]]>
              </value>
            </param>
          </params>
          <reporter-output>
          </reporter-output>
        </test-method> <!-- afterEachTest -->
        <test-method is-config="true" signature="beforeEachTest(java.lang.reflect.Method)[pri:0, instance:fatura_test.TestClass@78b66d36]" started-at="2021-01-05T00:37:13 EET" name="beforeEachTest" finished-at="2021-01-05T00:37:13 EET" duration-ms="0" status="PASS">
          <params>
            <param index="0">
              <value>
                <![CDATA[public void fatura_test.TestClass.invalidPhoneNumberLogin(java.lang.String,java.lang.String)]]>
              </value>
            </param>
          </params>
          <reporter-output>
          </reporter-output>
        </test-method> <!-- beforeEachTest -->
        <test-method signature="invalidPhoneNumberLogin(java.lang.String, java.lang.String)[pri:1, instance:fatura_test.TestClass@78b66d36]" started-at="2021-01-05T00:37:13 EET" name="invalidPhoneNumberLogin" data-provider="invalid-phone-number-dp" finished-at="2021-01-05T00:37:18 EET" duration-ms="4381" status="PASS">
          <params>
            <param index="0">
              <value>
                <![CDATA[1017319700]]>
              </value>
            </param>
            <param index="1">
              <value>
                <![CDATA[23321]]>
              </value>
            </param>
          </params>
          <reporter-output>
          </reporter-output>
        </test-method> <!-- invalidPhoneNumberLogin -->
        <test-method is-config="true" signature="afterEachTest(org.testng.ITestResult)[pri:0, instance:fatura_test.TestClass@78b66d36]" started-at="2021-01-05T00:37:18 EET" name="afterEachTest" finished-at="2021-01-05T00:37:18 EET" duration-ms="1" status="PASS">
          <params>
            <param index="0">
              <value>
                <![CDATA[[TestResult name=invalidPhoneNumberLogin status=SUCCESS method=TestClass.invalidPhoneNumberLogin(java.lang.String, java.lang.String)[pri:1, instance:fatura_test.TestClass@78b66d36] output={null}]]]>
              </value>
            </param>
          </params>
          <reporter-output>
          </reporter-output>
        </test-method> <!-- afterEachTest -->
        <test-method is-config="true" signature="beforeEachTest(java.lang.reflect.Method)[pri:0, instance:fatura_test.TestClass@78b66d36]" started-at="2021-01-05T00:37:18 EET" name="beforeEachTest" finished-at="2021-01-05T00:37:18 EET" duration-ms="1" status="PASS">
          <params>
            <param index="0">
              <value>
                <![CDATA[public void fatura_test.TestClass.invalidPhoneNumberLogin(java.lang.String,java.lang.String)]]>
              </value>
            </param>
          </params>
          <reporter-output>
          </reporter-output>
        </test-method> <!-- beforeEachTest -->
        <test-method signature="invalidPhoneNumberLogin(java.lang.String, java.lang.String)[pri:1, instance:fatura_test.TestClass@78b66d36]" started-at="2021-01-05T00:37:18 EET" name="invalidPhoneNumberLogin" data-provider="invalid-phone-number-dp" finished-at="2021-01-05T00:37:22 EET" duration-ms="4668" status="PASS">
          <params>
            <param index="0">
              <value>
                <![CDATA[1017319700]]>
              </value>
            </param>
            <param index="1">
              <value>
                <![CDATA[123321]]>
              </value>
            </param>
          </params>
          <reporter-output>
          </reporter-output>
        </test-method> <!-- invalidPhoneNumberLogin -->
        <test-method is-config="true" signature="afterEachTest(org.testng.ITestResult)[pri:0, instance:fatura_test.TestClass@78b66d36]" started-at="2021-01-05T00:37:22 EET" name="afterEachTest" finished-at="2021-01-05T00:37:22 EET" duration-ms="1" status="PASS">
          <params>
            <param index="0">
              <value>
                <![CDATA[[TestResult name=invalidPhoneNumberLogin status=SUCCESS method=TestClass.invalidPhoneNumberLogin(java.lang.String, java.lang.String)[pri:1, instance:fatura_test.TestClass@78b66d36] output={null}]]]>
              </value>
            </param>
          </params>
          <reporter-output>
          </reporter-output>
        </test-method> <!-- afterEachTest -->
        <test-method signature="invalidPasswordLogin(java.lang.String, java.lang.String)[pri:2, instance:fatura_test.TestClass@78b66d36]" started-at="2021-01-05T00:37:22 EET" name="invalidPasswordLogin" data-provider="invalid-password-dp" finished-at="2021-01-05T00:37:27 EET" duration-ms="4401" status="PASS">
          <params>
            <param index="0">
              <value>
                <![CDATA[01017319700]]>
              </value>
            </param>
            <param index="1">
              <value>
                <![CDATA[]]>
              </value>
            </param>
          </params>
          <reporter-output>
          </reporter-output>
        </test-method> <!-- invalidPasswordLogin -->
        <test-method is-config="true" signature="beforeEachTest(java.lang.reflect.Method)[pri:0, instance:fatura_test.TestClass@78b66d36]" started-at="2021-01-05T00:37:22 EET" name="beforeEachTest" finished-at="2021-01-05T00:37:22 EET" duration-ms="0" status="PASS">
          <params>
            <param index="0">
              <value>
                <![CDATA[public void fatura_test.TestClass.invalidPasswordLogin(java.lang.String,java.lang.String)]]>
              </value>
            </param>
          </params>
          <reporter-output>
          </reporter-output>
        </test-method> <!-- beforeEachTest -->
        <test-method is-config="true" signature="beforeEachTest(java.lang.reflect.Method)[pri:0, instance:fatura_test.TestClass@78b66d36]" started-at="2021-01-05T00:37:27 EET" name="beforeEachTest" finished-at="2021-01-05T00:37:27 EET" duration-ms="1" status="PASS">
          <params>
            <param index="0">
              <value>
                <![CDATA[public void fatura_test.TestClass.invalidPasswordLogin(java.lang.String,java.lang.String)]]>
              </value>
            </param>
          </params>
          <reporter-output>
          </reporter-output>
        </test-method> <!-- beforeEachTest -->
        <test-method is-config="true" signature="afterEachTest(org.testng.ITestResult)[pri:0, instance:fatura_test.TestClass@78b66d36]" started-at="2021-01-05T00:37:27 EET" name="afterEachTest" finished-at="2021-01-05T00:37:27 EET" duration-ms="0" status="PASS">
          <params>
            <param index="0">
              <value>
                <![CDATA[[TestResult name=invalidPasswordLogin status=SUCCESS method=TestClass.invalidPasswordLogin(java.lang.String, java.lang.String)[pri:2, instance:fatura_test.TestClass@78b66d36] output={null}]]]>
              </value>
            </param>
          </params>
          <reporter-output>
          </reporter-output>
        </test-method> <!-- afterEachTest -->
        <test-method signature="invalidPasswordLogin(java.lang.String, java.lang.String)[pri:2, instance:fatura_test.TestClass@78b66d36]" started-at="2021-01-05T00:37:27 EET" name="invalidPasswordLogin" data-provider="invalid-password-dp" finished-at="2021-01-05T00:37:31 EET" duration-ms="3793" status="PASS">
          <params>
            <param index="0">
              <value>
                <![CDATA[01017319700]]>
              </value>
            </param>
            <param index="1">
              <value>
                <![CDATA[23321]]>
              </value>
            </param>
          </params>
          <reporter-output>
          </reporter-output>
        </test-method> <!-- invalidPasswordLogin -->
        <test-method is-config="true" signature="beforeEachTest(java.lang.reflect.Method)[pri:0, instance:fatura_test.TestClass@78b66d36]" started-at="2021-01-05T00:37:31 EET" name="beforeEachTest" finished-at="2021-01-05T00:37:31 EET" duration-ms="1" status="PASS">
          <params>
            <param index="0">
              <value>
                <![CDATA[public void fatura_test.TestClass.validLogin()]]>
              </value>
            </param>
          </params>
          <reporter-output>
          </reporter-output>
        </test-method> <!-- beforeEachTest -->
        <test-method is-config="true" signature="afterEachTest(org.testng.ITestResult)[pri:0, instance:fatura_test.TestClass@78b66d36]" started-at="2021-01-05T00:37:31 EET" name="afterEachTest" finished-at="2021-01-05T00:37:31 EET" duration-ms="0" status="PASS">
          <params>
            <param index="0">
              <value>
                <![CDATA[[TestResult name=invalidPasswordLogin status=SUCCESS method=TestClass.invalidPasswordLogin(java.lang.String, java.lang.String)[pri:2, instance:fatura_test.TestClass@78b66d36] output={null}]]]>
              </value>
            </param>
          </params>
          <reporter-output>
          </reporter-output>
        </test-method> <!-- afterEachTest -->
        <test-method signature="validLogin()[pri:3, instance:fatura_test.TestClass@78b66d36]" started-at="2021-01-05T00:37:31 EET" name="validLogin" finished-at="2021-01-05T00:37:38 EET" duration-ms="7631" status="PASS">
          <reporter-output>
          </reporter-output>
        </test-method> <!-- validLogin -->
        <test-method is-config="true" signature="afterEachTest(org.testng.ITestResult)[pri:0, instance:fatura_test.TestClass@78b66d36]" started-at="2021-01-05T00:37:38 EET" name="afterEachTest" finished-at="2021-01-05T00:37:38 EET" duration-ms="1" status="PASS">
          <params>
            <param index="0">
              <value>
                <![CDATA[[TestResult name=validLogin status=SUCCESS method=TestClass.validLogin()[pri:3, instance:fatura_test.TestClass@78b66d36] output={null}]]]>
              </value>
            </param>
          </params>
          <reporter-output>
          </reporter-output>
        </test-method> <!-- afterEachTest -->
        <test-method is-config="true" signature="beforeEachTest(java.lang.reflect.Method)[pri:0, instance:fatura_test.TestClass@78b66d36]" started-at="2021-01-05T00:37:38 EET" name="beforeEachTest" finished-at="2021-01-05T00:37:38 EET" duration-ms="0" status="PASS">
          <params>
            <param index="0">
              <value>
                <![CDATA[public void fatura_test.TestClass.submittingOrder()]]>
              </value>
            </param>
          </params>
          <reporter-output>
          </reporter-output>
        </test-method> <!-- beforeEachTest -->
        <test-method signature="submittingOrder()[pri:4, instance:fatura_test.TestClass@78b66d36]" started-at="2021-01-05T00:37:38 EET" name="submittingOrder" finished-at="2021-01-05T00:37:54 EET" depends-on-methods="fatura_test.TestClass.validLogin" duration-ms="15534" status="PASS">
          <reporter-output>
          </reporter-output>
        </test-method> <!-- submittingOrder -->
        <test-method is-config="true" signature="afterEachTest(org.testng.ITestResult)[pri:0, instance:fatura_test.TestClass@78b66d36]" started-at="2021-01-05T00:37:54 EET" name="afterEachTest" finished-at="2021-01-05T00:37:54 EET" duration-ms="0" status="PASS">
          <params>
            <param index="0">
              <value>
                <![CDATA[[TestResult name=submittingOrder status=SUCCESS method=TestClass.submittingOrder()[pri:4, instance:fatura_test.TestClass@78b66d36] output={null}]]]>
              </value>
            </param>
          </params>
          <reporter-output>
          </reporter-output>
        </test-method> <!-- afterEachTest -->
        <test-method is-config="true" signature="beforeEachTest(java.lang.reflect.Method)[pri:0, instance:fatura_test.TestClass@78b66d36]" started-at="2021-01-05T00:37:54 EET" name="beforeEachTest" finished-at="2021-01-05T00:37:54 EET" duration-ms="0" status="PASS">
          <params>
            <param index="0">
              <value>
                <![CDATA[public void fatura_test.TestClass.validLogout()]]>
              </value>
            </param>
          </params>
          <reporter-output>
          </reporter-output>
        </test-method> <!-- beforeEachTest -->
        <test-method signature="validLogout()[pri:5, instance:fatura_test.TestClass@78b66d36]" started-at="2021-01-05T00:37:54 EET" name="validLogout" finished-at="2021-01-05T00:38:03 EET" depends-on-methods="fatura_test.TestClass.submittingOrder" duration-ms="9328" status="PASS">
          <reporter-output>
          </reporter-output>
        </test-method> <!-- validLogout -->
        <test-method is-config="true" signature="afterEachTest(org.testng.ITestResult)[pri:0, instance:fatura_test.TestClass@78b66d36]" started-at="2021-01-05T00:38:03 EET" name="afterEachTest" finished-at="2021-01-05T00:38:03 EET" duration-ms="1" status="PASS">
          <params>
            <param index="0">
              <value>
                <![CDATA[[TestResult name=validLogout status=SUCCESS method=TestClass.validLogout()[pri:5, instance:fatura_test.TestClass@78b66d36] output={null}]]]>
              </value>
            </param>
          </params>
          <reporter-output>
          </reporter-output>
        </test-method> <!-- afterEachTest -->
        <test-method is-config="true" signature="tearDown()[pri:0, instance:fatura_test.TestClass@78b66d36]" started-at="2021-01-05T00:38:03 EET" name="tearDown" finished-at="2021-01-05T00:38:04 EET" duration-ms="724" status="PASS">
          <reporter-output>
          </reporter-output>
        </test-method> <!-- tearDown -->
      </class> <!-- fatura_test.TestClass -->
    </test> <!-- Default test -->
  </suite> <!-- Default suite -->
</testng-results>
